<?xml version="1.0" encoding="UTF-8"?>
<coverage generated="1480570400763" clover="3.2.0">
  <project timestamp="1480570400764" name="All files">
    <metrics statements="37" coveredstatements="37" conditionals="27" coveredconditionals="22" methods="14" coveredmethods="14" elements="78" coveredelements="73" complexity="0" loc="37" ncloc="37" packages="1" files="1" classes="1">
      <file name="index.js" path="/Users/martinduran/Desktop/roving-index/src/index.js">
        <metrics statements="37" coveredstatements="37" conditionals="27" coveredconditionals="22" methods="14" coveredmethods="14"/>
        <line num="1" count="1" type="stmt"/>
        <line num="10" count="13" type="stmt"/>
        <line num="12" count="13" type="stmt"/>
        <line num="13" count="13" type="stmt"/>
        <line num="14" count="13" type="stmt"/>
        <line num="15" count="13" type="stmt"/>
        <line num="19" count="1" type="stmt"/>
        <line num="23" count="7" type="stmt"/>
        <line num="27" count="2" type="stmt"/>
        <line num="31" count="2" type="stmt"/>
        <line num="32" count="2" type="stmt"/>
        <line num="33" count="2" type="stmt"/>
        <line num="37" count="16" type="stmt"/>
        <line num="38" count="16" type="stmt"/>
        <line num="39" count="16" type="stmt"/>
        <line num="43" count="18" type="stmt"/>
        <line num="54" count="8" type="stmt"/>
        <line num="58" count="18" type="stmt"/>
        <line num="59" count="4" type="stmt"/>
        <line num="62" count="14" type="stmt"/>
        <line num="63" count="9" type="stmt"/>
        <line num="66" count="5" type="stmt"/>
        <line num="70" count="7" type="stmt"/>
        <line num="71" count="1" type="stmt"/>
        <line num="72" count="6" type="stmt"/>
        <line num="73" count="3" type="stmt"/>
        <line num="76" count="3" type="stmt"/>
        <line num="80" count="11" type="stmt"/>
        <line num="81" count="3" type="stmt"/>
        <line num="82" count="8" type="stmt"/>
        <line num="83" count="2" type="stmt"/>
        <line num="86" count="6" type="stmt"/>
        <line num="90" count="6" type="stmt"/>
        <line num="91" count="2" type="stmt"/>
        <line num="92" count="4" type="stmt"/>
        <line num="93" count="1" type="stmt"/>
        <line num="96" count="3" type="stmt"/>
      </file>
    </metrics>
  </project>
</coverage>
