{"/Users/martinduran/Desktop/roving-index/src/index.js": {"path":"/Users/martinduran/Desktop/roving-index/src/index.js","statementMap":{"0":{"start":{"line":1,"column":25},"end":{"line":6,"column":1}},"1":{"start":{"line":10,"column":20},"end":{"line":10,"column":63}},"2":{"start":{"line":12,"column":4},"end":{"line":12,"column":33}},"3":{"start":{"line":13,"column":4},"end":{"line":13,"column":31}},"4":{"start":{"line":14,"column":4},"end":{"line":14,"column":37}},"5":{"start":{"line":15,"column":4},"end":{"line":15,"column":31}},"6":{"start":{"line":19,"column":4},"end":{"line":19,"column":20}},"7":{"start":{"line":23,"column":4},"end":{"line":23,"column":22}},"8":{"start":{"line":27,"column":4},"end":{"line":27,"column":22}},"9":{"start":{"line":31,"column":21},"end":{"line":31,"column":31}},"10":{"start":{"line":32,"column":4},"end":{"line":32,"column":34}},"11":{"start":{"line":33,"column":4},"end":{"line":33,"column":35}},"12":{"start":{"line":37,"column":21},"end":{"line":37,"column":31}},"13":{"start":{"line":38,"column":4},"end":{"line":38,"column":34}},"14":{"start":{"line":39,"column":4},"end":{"line":39,"column":35}},"15":{"start":{"line":43,"column":4},"end":{"line":50,"column":6}},"16":{"start":{"line":54,"column":4},"end":{"line":54,"column":23}},"17":{"start":{"line":58,"column":4},"end":{"line":60,"column":5}},"18":{"start":{"line":59,"column":6},"end":{"line":59,"column":60}},"19":{"start":{"line":62,"column":4},"end":{"line":64,"column":5}},"20":{"start":{"line":63,"column":6},"end":{"line":63,"column":59}},"21":{"start":{"line":66,"column":4},"end":{"line":66,"column":57}},"22":{"start":{"line":70,"column":4},"end":{"line":74,"column":5}},"23":{"start":{"line":71,"column":6},"end":{"line":71,"column":15}},"24":{"start":{"line":72,"column":11},"end":{"line":74,"column":5}},"25":{"start":{"line":73,"column":6},"end":{"line":73,"column":23}},"26":{"start":{"line":76,"column":4},"end":{"line":76,"column":17}},"27":{"start":{"line":80,"column":4},"end":{"line":84,"column":5}},"28":{"start":{"line":81,"column":6},"end":{"line":81,"column":23}},"29":{"start":{"line":82,"column":11},"end":{"line":84,"column":5}},"30":{"start":{"line":83,"column":6},"end":{"line":83,"column":15}},"31":{"start":{"line":86,"column":4},"end":{"line":86,"column":17}},"32":{"start":{"line":90,"column":4},"end":{"line":94,"column":5}},"33":{"start":{"line":91,"column":6},"end":{"line":91,"column":16}},"34":{"start":{"line":92,"column":11},"end":{"line":94,"column":5}},"35":{"start":{"line":93,"column":6},"end":{"line":93,"column":23}},"36":{"start":{"line":96,"column":4},"end":{"line":96,"column":17}}},"fnMap":{"0":{"name":"(anonymous_0)","decl":{"start":{"line":9,"column":2},"end":{"line":9,"column":3}},"loc":{"start":{"line":9,"column":27},"end":{"line":16,"column":3}}},"1":{"name":"(anonymous_1)","decl":{"start":{"line":18,"column":2},"end":{"line":18,"column":3}},"loc":{"start":{"line":18,"column":15},"end":{"line":20,"column":3}}},"2":{"name":"(anonymous_2)","decl":{"start":{"line":22,"column":2},"end":{"line":22,"column":3}},"loc":{"start":{"line":22,"column":13},"end":{"line":24,"column":3}}},"3":{"name":"(anonymous_3)","decl":{"start":{"line":26,"column":2},"end":{"line":26,"column":3}},"loc":{"start":{"line":26,"column":13},"end":{"line":28,"column":3}}},"4":{"name":"(anonymous_4)","decl":{"start":{"line":30,"column":2},"end":{"line":30,"column":3}},"loc":{"start":{"line":30,"column":28},"end":{"line":34,"column":3}}},"5":{"name":"(anonymous_5)","decl":{"start":{"line":30,"column":18},"end":{"line":30,"column":19}},"loc":{"start":{"line":30,"column":24},"end":{"line":30,"column":26}}},"6":{"name":"(anonymous_6)","decl":{"start":{"line":36,"column":2},"end":{"line":36,"column":3}},"loc":{"start":{"line":36,"column":28},"end":{"line":40,"column":3}}},"7":{"name":"(anonymous_7)","decl":{"start":{"line":36,"column":18},"end":{"line":36,"column":19}},"loc":{"start":{"line":36,"column":24},"end":{"line":36,"column":26}}},"8":{"name":"(anonymous_8)","decl":{"start":{"line":42,"column":2},"end":{"line":42,"column":3}},"loc":{"start":{"line":42,"column":42},"end":{"line":51,"column":3}}},"9":{"name":"(anonymous_9)","decl":{"start":{"line":53,"column":2},"end":{"line":53,"column":3}},"loc":{"start":{"line":53,"column":22},"end":{"line":55,"column":3}}},"10":{"name":"(anonymous_10)","decl":{"start":{"line":57,"column":2},"end":{"line":57,"column":3}},"loc":{"start":{"line":57,"column":59},"end":{"line":67,"column":3}}},"11":{"name":"(anonymous_11)","decl":{"start":{"line":69,"column":2},"end":{"line":69,"column":3}},"loc":{"start":{"line":69,"column":43},"end":{"line":77,"column":3}}},"12":{"name":"(anonymous_12)","decl":{"start":{"line":79,"column":2},"end":{"line":79,"column":3}},"loc":{"start":{"line":79,"column":43},"end":{"line":87,"column":3}}},"13":{"name":"(anonymous_13)","decl":{"start":{"line":89,"column":2},"end":{"line":89,"column":3}},"loc":{"start":{"line":89,"column":45},"end":{"line":97,"column":3}}}},"branchMap":{"0":{"loc":{"start":{"line":9,"column":14},"end":{"line":9,"column":25}},"type":"default-arg","locations":[{"start":{"line":9,"column":23},"end":{"line":9,"column":25}}]},"1":{"loc":{"start":{"line":30,"column":7},"end":{"line":30,"column":26}},"type":"default-arg","locations":[{"start":{"line":30,"column":18},"end":{"line":30,"column":26}}]},"2":{"loc":{"start":{"line":36,"column":7},"end":{"line":36,"column":26}},"type":"default-arg","locations":[{"start":{"line":36,"column":18},"end":{"line":36,"column":26}}]},"3":{"loc":{"start":{"line":42,"column":11},"end":{"line":42,"column":20}},"type":"default-arg","locations":[{"start":{"line":42,"column":19},"end":{"line":42,"column":20}}]},"4":{"loc":{"start":{"line":42,"column":22},"end":{"line":42,"column":40}},"type":"default-arg","locations":[{"start":{"line":42,"column":30},"end":{"line":42,"column":40}}]},"5":{"loc":{"start":{"line":53,"column":11},"end":{"line":53,"column":20}},"type":"default-arg","locations":[{"start":{"line":53,"column":19},"end":{"line":53,"column":20}}]},"6":{"loc":{"start":{"line":57,"column":23},"end":{"line":57,"column":32}},"type":"default-arg","locations":[{"start":{"line":57,"column":31},"end":{"line":57,"column":32}}]},"7":{"loc":{"start":{"line":57,"column":34},"end":{"line":57,"column":43}},"type":"default-arg","locations":[{"start":{"line":57,"column":42},"end":{"line":57,"column":43}}]},"8":{"loc":{"start":{"line":57,"column":45},"end":{"line":57,"column":57}},"type":"default-arg","locations":[{"start":{"line":57,"column":55},"end":{"line":57,"column":57}}]},"9":{"loc":{"start":{"line":58,"column":4},"end":{"line":60,"column":5}},"type":"if","locations":[{"start":{"line":58,"column":4},"end":{"line":60,"column":5}},{"start":{"line":58,"column":4},"end":{"line":60,"column":5}}]},"10":{"loc":{"start":{"line":62,"column":4},"end":{"line":64,"column":5}},"type":"if","locations":[{"start":{"line":62,"column":4},"end":{"line":64,"column":5}},{"start":{"line":62,"column":4},"end":{"line":64,"column":5}}]},"11":{"loc":{"start":{"line":70,"column":4},"end":{"line":74,"column":5}},"type":"if","locations":[{"start":{"line":70,"column":4},"end":{"line":74,"column":5}},{"start":{"line":70,"column":4},"end":{"line":74,"column":5}}]},"12":{"loc":{"start":{"line":72,"column":11},"end":{"line":74,"column":5}},"type":"if","locations":[{"start":{"line":72,"column":11},"end":{"line":74,"column":5}},{"start":{"line":72,"column":11},"end":{"line":74,"column":5}}]},"13":{"loc":{"start":{"line":80,"column":4},"end":{"line":84,"column":5}},"type":"if","locations":[{"start":{"line":80,"column":4},"end":{"line":84,"column":5}},{"start":{"line":80,"column":4},"end":{"line":84,"column":5}}]},"14":{"loc":{"start":{"line":82,"column":11},"end":{"line":84,"column":5}},"type":"if","locations":[{"start":{"line":82,"column":11},"end":{"line":84,"column":5}},{"start":{"line":82,"column":11},"end":{"line":84,"column":5}}]},"15":{"loc":{"start":{"line":90,"column":4},"end":{"line":94,"column":5}},"type":"if","locations":[{"start":{"line":90,"column":4},"end":{"line":94,"column":5}},{"start":{"line":90,"column":4},"end":{"line":94,"column":5}}]},"16":{"loc":{"start":{"line":90,"column":8},"end":{"line":90,"column":38}},"type":"binary-expr","locations":[{"start":{"line":90,"column":8},"end":{"line":90,"column":20}},{"start":{"line":90,"column":24},"end":{"line":90,"column":38}}]},"17":{"loc":{"start":{"line":92,"column":11},"end":{"line":94,"column":5}},"type":"if","locations":[{"start":{"line":92,"column":11},"end":{"line":94,"column":5}},{"start":{"line":92,"column":11},"end":{"line":94,"column":5}}]}},"s":{"0":1,"1":13,"2":13,"3":13,"4":13,"5":13,"6":1,"7":7,"8":2,"9":2,"10":2,"11":2,"12":16,"13":16,"14":16,"15":18,"16":8,"17":18,"18":4,"19":14,"20":9,"21":5,"22":7,"23":1,"24":6,"25":3,"26":3,"27":11,"28":3,"29":8,"30":2,"31":6,"32":6,"33":2,"34":4,"35":1,"36":3},"f":{"0":13,"1":1,"2":7,"3":2,"4":2,"5":1,"6":16,"7":15,"8":18,"9":8,"10":18,"11":7,"12":11,"13":6},"b":{"0":[9],"1":[1],"2":[15],"3":[0],"4":[18],"5":[0],"6":[0],"7":[0],"8":[0],"9":[4,14],"10":[9,5],"11":[1,6],"12":[3,3],"13":[3,8],"14":[2,6],"15":[2,4],"16":[6,6],"17":[1,3]},"_coverageSchema":"332fd63041d2c1bcb487cc26dd0d5f7d97098a6c","hash":"a6039bd3ed59c433c603869c1999f68dc7d57d55"}
}
