TN:
SF:/Users/martinduran/Desktop/roving-index/src/index.js
FN:9,(anonymous_0)
FN:18,(anonymous_1)
FN:22,(anonymous_2)
FN:26,(anonymous_3)
FN:30,(anonymous_4)
FN:30,(anonymous_5)
FN:36,(anonymous_6)
FN:36,(anonymous_7)
FN:42,(anonymous_8)
FN:53,(anonymous_9)
FN:57,(anonymous_10)
FN:69,(anonymous_11)
FN:79,(anonymous_12)
FN:89,(anonymous_13)
FNF:14
FNH:14
FNDA:13,(anonymous_0)
FNDA:1,(anonymous_1)
FNDA:7,(anonymous_2)
FNDA:2,(anonymous_3)
FNDA:2,(anonymous_4)
FNDA:1,(anonymous_5)
FNDA:16,(anonymous_6)
FNDA:15,(anonymous_7)
FNDA:18,(anonymous_8)
FNDA:8,(anonymous_9)
FNDA:18,(anonymous_10)
FNDA:7,(anonymous_11)
FNDA:11,(anonymous_12)
FNDA:6,(anonymous_13)
DA:1,1
DA:10,13
DA:12,13
DA:13,13
DA:14,13
DA:15,13
DA:19,1
DA:23,7
DA:27,2
DA:31,2
DA:32,2
DA:33,2
DA:37,16
DA:38,16
DA:39,16
DA:43,18
DA:54,8
DA:58,18
DA:59,4
DA:62,14
DA:63,9
DA:66,5
DA:70,7
DA:71,1
DA:72,6
DA:73,3
DA:76,3
DA:80,11
DA:81,3
DA:82,8
DA:83,2
DA:86,6
DA:90,6
DA:91,2
DA:92,4
DA:93,1
DA:96,3
LF:37
LH:37
BRDA:9,0,0,9
BRDA:30,1,0,1
BRDA:36,2,0,15
BRDA:42,3,0,0
BRDA:42,4,0,18
BRDA:53,5,0,0
BRDA:57,6,0,0
BRDA:57,7,0,0
BRDA:57,8,0,0
BRDA:58,9,0,4
BRDA:58,9,1,14
BRDA:62,10,0,9
BRDA:62,10,1,5
BRDA:70,11,0,1
BRDA:70,11,1,6
BRDA:72,12,0,3
BRDA:72,12,1,3
BRDA:80,13,0,3
BRDA:80,13,1,8
BRDA:82,14,0,2
BRDA:82,14,1,6
BRDA:90,15,0,2
BRDA:90,15,1,4
BRDA:90,16,0,6
BRDA:90,16,1,6
BRDA:92,17,0,1
BRDA:92,17,1,3
BRF:27
BRH:22
end_of_record
